Step: 0 0.8831514574239634
Step: 1 0.8681105569570415
Step: 2 0.8324330425222222
Step: 3 0.8235161900673948
Step: 4 0.8086469521625276
Step: 5 0.7930645634985586
Step: 6 0.7853121962371062
Step: 7 0.7787273785905809
Step: 8 0.7605006112159133
Step: 9 0.7498652282248153
Step: 10 0.7141745509549512
Step: 11 0.6901590991357215
Step: 12 0.6594356521926014
Step: 13 0.6377167774461722
Step: 14 0.6301839900597216
Step: 15 0.6178462795087304
Step: 16 0.5924687859838346
Step: 17 0.5829205412183666
Step: 18 0.565443429985482
Step: 19 0.5370567444155362
Step: 20 0.5292875052294822
Step: 21 0.5164351604503099
Step: 22 0.5124129247288833
Step: 23 0.4890143502371334
Step: 24 0.46868163533607027
Step: 25 0.45543361907165614
Step: 26 0.44566223476395145
Step: 27 0.44240252543564546
Step: 28 0.43285915145982834
Step: 29 0.42781316722116386
Step: 30 0.4109240517926518
Step: 31 0.3905583574192098
Step: 32 0.3735991000703001
Step: 33 0.3718145598445907
Step: 34 0.35700709751945264
Step: 35 0.3407286125590688
Step: 36 0.3372169707734946
Step: 37 0.33157218197470906
Step: 38 0.32551485862536905
Step: 39 0.3203652969586193
Step: 40 0.3156334420180781
Step: 41 0.30204279499951286
Step: 42 0.2983427227105248
Step: 43 0.2966835489404045
Step: 44 0.28650325984578323
Step: 45 0.2794372071751407
Step: 46 0.2711440605281432
Step: 47 0.2567107911823105
Step: 48 0.2460336759505384
Step: 49 0.24117796294318364
Step: 50 0.23526705779923096
Step: 51 0.2327131983916099
Step: 52 0.23136921801590807
Step: 53 0.22904977888986208
Step: 54 0.22668468536774192
Step: 55 0.21869644671470645
Step: 56 0.21382909511980489
Step: 57 0.20805288476488878
Step: 58 0.20430002695542226
Step: 59 0.1951104020230072
Step: 60 0.1885847222438425
Step: 61 0.18341726061503386
Step: 62 0.17578868200167144
Step: 63 0.16797718680196905
Step: 64 0.15795116720480176
Step: 65 0.15708117628939403
Step: 66 0.15267819492677762
Step: 67 0.14848079446124016
Step: 68 0.14557148044438792
Step: 69 0.14441573772072824
Step: 70 0.14070719319648384
Step: 71 0.13873659643697026
Step: 72 0.1332909551805967
Step: 73 0.12645089120787378
Step: 74 0.12547345235836127
Step: 75 0.12287918883525306
Step: 76 0.11782995639165166
Step: 77 0.11586719291958175
Step: 78 0.1150525785812504
Step: 79 0.11309373033167275
Step: 80 0.10613182033589068
Step: 81 0.1001782359434818
Step: 82 0.09919621814146373
Step: 83 0.09341193542641002
Step: 84 0.08883441955880211
Step: 85 0.08293774809258049
Step: 86 0.07778832975093307
Step: 87 0.07587583984546037
Step: 88 0.07359793636263537
Step: 89 0.06987821259992334
Step: 90 0.06513214255813025
Step: 91 0.06093842699761531
Step: 92 0.056843887113250356
Step: 93 0.0530406701921624
Step: 94 0.05248821039417925
Step: 95 0.05026535952941736
Step: 96 0.046809853386316956
Step: 97 0.046078571149640625
Step: 98 0.04478199327310356
Step: 99 0.04221497058132071
Step: 100 0.041793986287421
Step: 101 0.03965253610520094
Step: 102 0.03920244895092729
Step: 103 0.037766709988489626
Step: 104 0.0355244283735218
Step: 105 0.033732900733097024
Step: 106 0.03177975446599632
Step: 107 0.031128046365836683
Step: 108 0.029878851536913498
Step: 109 0.029575426983121943
Step: 110 0.027745675127154312
Step: 111 0.027076565980603474
Step: 112 0.02605789282014426
Step: 113 0.025096355955194428
Step: 114 0.023422919614486195
Step: 115 0.021959349085886495
Step: 116 0.021019972422835907
Step: 117 0.019720233662379346
Step: 118 0.018464572556524117
Step: 119 0.017649184239751124
Step: 120 0.01692679530030183
Step: 121 0.015969474268882962
Step: 122 0.015158357560258623
Step: 123 0.014404759977349827
Step: 124 0.013928911745757952
Step: 125 0.013430046128598064
Step: 126 0.012767001264857358
Step: 127 0.012155685294451131
Step: 128 0.011959493798557014
Step: 129 0.011360273637215873
Step: 130 0.01080975940223546
Step: 131 0.010305850803846174
Step: 132 0.009872012355378223
Step: 133 0.009638567167751848
Step: 134 0.00920598280145406
Step: 135 0.008959572262549063
Step: 136 0.008703830930310413
Step: 137 0.008377334689636353
Step: 138 0.008204009078609074
Step: 139 0.007969793154417579
Step: 140 0.007641230003014802
Step: 141 0.00736815054344039
Step: 142 0.007256768797666107
Step: 143 0.007025487132137926
Step: 144 0.006781762784067221
Step: 145 0.006555976814021696
Step: 146 0.006353347340613823
Step: 147 0.0061401173565284696
Step: 148 0.005975030949901035
Step: 149 0.005854954295072764
Step: 150 0.005663753157948071
Step: 151 0.0055068433641299284
Step: 152 0.005346977421575702
Step: 153 0.0051673879842775656
Step: 154 0.005029137987634614
Step: 155 0.004949626024065742
Step: 156 0.004840284663508801
Step: 157 0.004685711654724583
Step: 158 0.004550170473208027
Step: 159 0.004426553033280679
Step: 160 0.004317660208106655
Step: 161 0.004227498844342497
Step: 162 0.00415969123114219
Step: 163 0.004046267578075186
Step: 164 0.0039964725018504154
Step: 165 0.003981199048156842
Step: 166 0.0038945073033246516
Step: 167 0.0038119638818648743
Step: 168 0.0037267822280751058
Step: 169 0.0036508283502591963
Step: 170 0.003558731180459146
Step: 171 0.0035549707965726283
Step: 172 0.00348060767982834
Step: 173 0.003402890993367926
Step: 174 0.0034156786752105994
Step: 175 0.003341494941367394
Step: 176 0.0032764641910731245
Step: 177 0.003258608532815454
Step: 178 0.0031945353275731475
Step: 179 0.0031335877356390407
Step: 180 0.0031265380211344344
Step: 181 0.0030648065856617632
Step: 182 0.0030443045112650917
Step: 183 0.002997233599067952
Step: 184 0.0029440044649868616
Step: 185 0.002965505459734407
Step: 186 0.0029164234471008525
Step: 187 0.002869192234730656
Step: 188 0.0028241185833999664
Step: 189 0.0028573133004435205
Step: 190 0.002812545723161048
Step: 191 0.0028225617163740134
Step: 192 0.002794896736496502
Step: 193 0.002813823465192834
Step: 194 0.002771384110996004
Step: 195 0.0027368273984440263
Step: 196 0.0027231955437097715
Step: 197 0.0027265899915057917
Step: 198 0.002695919429675842
Step: 199 0.002670004956646267
Step: 200 0.0026404340539070005
Step: 201 0.00261091420380557
Step: 202 0.0025862058699935354
Step: 203 0.0025997306776916465
Step: 204 0.0025885270017965653
Step: 205 0.0025665618788836735
Step: 206 0.0025678194707589685
Step: 207 0.0025441614236217966
Step: 208 0.0025226359380875756
Step: 209 0.00250439203060044
Step: 210 0.0024939784964051544
Step: 211 0.002493129035748132
Step: 212 0.0024999116171331285
Step: 213 0.0024985495594498646
Step: 214 0.0025016059093221766
Step: 215 0.0024848571273501175
Step: 216 0.002474947059265504
Step: 217 0.002460061797354712
Step: 218 0.0024671291805977015
Step: 219 0.002453947322036508
Step: 220 0.002469169064445318
Step: 221 0.00245522636485609
Step: 222 0.0024508401627213474
Step: 223 0.002438049388765715
Step: 224 0.0024273013725826732
Step: 225 0.0024197661146148817
Step: 226 0.0024189700459983075
Step: 227 0.0024159319935444087
Step: 228 0.0024182453382898396
Step: 229 0.0024141746112490204
Step: 230 0.0024112298837685483
Step: 231 0.00241346680722155
Step: 232 0.002405348919392951
Step: 233 0.002404456778934883
Step: 234 0.002404487308807967
Step: 235 0.002397074047793262
Step: 236 0.0023975296302566652
Step: 237 0.00239036454421763
Step: 238 0.002385762247219534
Step: 239 0.0023857625543877406
Step: 240 0.0023838023918756907
Step: 241 0.0023809154337718656
Step: 242 0.0023807506718446247
Step: 243 0.0023744982770089523
Step: 244 0.0023745542126620894
Step: 245 0.002374732305937619
Step: 246 0.0023694494811206637
Step: 247 0.002369004309384913
Step: 248 0.0023664425207434543
Step: 249 0.00236956133138249
Step: 250 0.0023692494482027006
Step: 251 0.002363524246348135
Step: 252 0.0023635274824433156
Step: 253 0.002363017335894988
Step: 254 0.002359968372482642
Step: 255 0.0023619403745711366
Step: 256 0.0023509269431879845
Step: 257 0.002353807643928742
Step: 258 0.0023472372893314246
Step: 259 0.0023481278610419294
Step: 260 0.0023500103177943564
Step: 261 0.0023485043850001823
Step: 262 0.002350553896507753
Step: 263 0.002338325564665945
Step: 264 0.0023417025541441158
Step: 265 0.002335527848476544
Step: 266 0.002335859945066406
Step: 267 0.0023347462898643447
Step: 268 0.0023374030985081075
Step: 269 0.0023416379809556025
Step: 270 0.0023441842047526506/home/monicaconte/nica/phd/Projects/Efficient_ML_Memristor_Network/codes/linear_regression.py:84: UserWarning: No artists with labels found to put in legend.  Note that artists whose label start with an underscore are ignored when legend() is called with no argument.
  ax.legend()

Step: 271 0.0023336329631918136
Step: 272 0.0023276432430186576
Step: 273 0.00231398394542654
Step: 274 0.002314002214901996
Step: 275 0.002318295448238137
Step: 276 0.002305312750902027
Step: 277 0.0023039001596006302
Step: 278 0.0023034526720507402
Step: 279 0.002308062119570349
Step: 280 0.002304622365930629
Step: 281 0.002302725157303885
Step: 282 0.0022958145789567152
Step: 283 0.0022993908073521093
Step: 284 0.002303240974184395
Step: 285 0.0023043954962109242
Step: 286 0.0023035284885437
Step: 287 0.0022905519977427322
Step: 288 0.0022945352199945953
Step: 289 0.0022910400851135857
Step: 290 0.002294172923432971
Step: 291 0.002293786849100669
Step: 292 0.0022993362226294512
Step: 293 0.0023041244107992903
Step: 294 0.0023116664789584605
Step: 295 0.002314589667941847
Step: 296 0.0023120964823580372
Step: 297 0.0023123409417498053
Step: 298 0.002314939983017923
Step: 299 0.002318620123948563
Step: 300 0.0023270519453047083
Step: 301 0.0023369889708281934
Step: 302 0.0023019934581153673
Step: 303 0.002303761671457872
Step: 304 0.0022856110301023107
Step: 305 0.002285999164698497
Step: 306 0.0022916664906566142
Step: 307 0.002299680788373638
Step: 308 0.002296610444079092
Step: 309 0.002292518307898055
Step: 310 0.002301581949459184
Step: 311 0.0023055943761943858
Step: 312 0.002307847630279962
Step: 313 0.002315096938630959
Step: 314 0.00232532871474741
Step: 315 0.0022870977394684644
Step: 316 0.0022903386523109325
Step: 317 0.0023021590960321486
Step: 318 0.0023097596810127694
Step: 319 0.0023207414593049403
Step: 320 0.0023329909669387973
Step: 321 0.0023421811778241877
Step: 322 0.0023568805416978983
Step: 323 0.0023423901195437145
Step: 324 0.002356831608149076
Step: 325 0.002361152431943099
Step: 326 0.0023733176651992527
Step: 327 0.0023079191172903665
Step: 328 0.0023219135662732727
Step: 329 0.0023022834227189423
Step: 330 0.0022769274038657813
Step: 331 0.002285665779616171
Step: 332 0.002274385362039321
Step: 333 0.0022659251001719014
Step: 334 0.0022388981769991896
Step: 335 0.002247794299251819
Step: 336 0.00225952518900055
Step: 337 0.0022344427772316403
Step: 338 0.002217099638213243
Step: 339 0.002199522253444651
Step: 340 0.0021953662757574635
Step: 341 0.0021886084402772113
Step: 342 0.0021782188349872547
Step: 343 0.002183326995227017
Step: 344 0.0021902144034136512
Step: 345 0.0021981256752902057
Step: 346 0.0021702876162660767
Step: 347 0.002175785526480436
Step: 348 0.002175676316241865
Step: 349 0.0021824144085223238
Step: 350 0.002184153943782558
Step: 351 0.0021925916521558725
Step: 352 0.002188479485443644
Step: 353 0.0021917190230382236
Step: 354 0.002179491237649528
Step: 355 0.002156005920320315
Step: 356 0.002154800163210907
Step: 357 0.0021571066416563515
Step: 358 0.002161598973230462
Step: 359 0.002168799187871452
Step: 360 0.0021706447360071435
Step: 361 0.0021790443063526197
Step: 362 0.002185720598117362
Step: 363 0.0021775471413052546
Step: 364 0.0021704471149223054
Step: 365 0.0021663271875968617
Step: 366 0.002174608264114354
Step: 367 0.0021765829858667748
Step: 368 0.002154780687490091
Step: 369 0.0021621931934936913
Step: 370 0.0021512440417963477
Step: 371 0.002129480232321912
Step: 372 0.002134007574838208
Step: 373 0.0021262309274130814
Step: 374 0.002126660758011641
Step: 375 0.0021319793834322343
Step: 376 0.0021381756744268707
Step: 377 0.0021416261096231476
Step: 378 0.002148160564456033
Step: 379 0.002122715868858103
Step: 380 0.002124567321989832
Step: 381 0.002111588180546439
Step: 382 0.0021155987981427544
Step: 383 0.002118783454404043
Step: 384 0.002123063571243725
Step: 385 0.0021310436964879225
Step: 386 0.0021400007470541017
Step: 387 0.0021264223269836613
Step: 388 0.0021338271880320656
Step: 389 0.002142625000589479
Step: 390 0.0021530489457605587
Step: 391 0.002160532977429225
Step: 392 0.0021531326013413906
Step: 393 0.002164435538315674
Step: 394 0.0021718662774587063
Step: 395 0.0021757719934286483
Step: 396 0.002184407999517732
Step: 397 0.0021763128032124433
Step: 398 0.0021556434030539327
Step: 399 0.002165382480671458
Step: 400 0.002118931683326989
Error step 0 0.8639400085748157
Error step 195 0.0026739163648391564
Error step 391 0.0018970781483552785
Step: 0 0.8831514574239634
Step: 1 0.8631046052816428
Step: 2 0.8440662944050992
Step: 3 0.8131096249800733
Step: 4 0.7920521602985473
Step: 5 0.7631135681737633
Step: 6 0.7316397223757329
Step: 7 0.7116290695704935
Step: 8 0.6968578859720226
Step: 9 0.6909394914298833
Step: 10 0.6828432753668592
Step: 11 0.6532830393357579
Step: 12 0.6435511545756679
Step: 13 0.6360650020199241
Step: 14 0.6085547676980503
Step: 15 0.6013399252685054
Step: 16 0.5893710608321205
Step: 17 0.5770139726883835
Step: 18 0.5524433529872268
Step: 19 0.544933938788087
Step: 20 0.5179304857615663
Step: 21 0.5082638363496443
Step: 22 0.502334073678388
Step: 23 0.47294442738197806
Step: 24 0.4540247816384643
Step: 25 0.4501926893183434
Step: 26 0.42705849892429026
Step: 27 0.41846214425384726
Step: 28 0.41006641242988473
Step: 29 0.383764815079281
Step: 30 0.3766980844689374
Step: 31 0.35254001798235207
Step: 32 0.34287270462044256
Step: 33 0.3196318551433533
Step: 34 0.29911910939148184
Step: 35 0.2698317762407625
Step: 36 0.24732525348507117
Step: 37 0.24139095519890322
Step: 38 0.2360352567831531
Step: 39 0.21196640478216264
Step: 40 0.1854865593965966
Step: 41 0.18366258567783608
Step: 42 0.17764024535257925
Step: 43 0.1647443074407442
Step: 44 0.15590645886136323
Step: 45 0.15485367981192882
Step: 46 0.1318099631730898
Step: 47 0.12386439720449187
Step: 48 0.09873460877370292
Step: 49 0.10124014839717747
Step: 50 0.09069777499989727
Step: 51 0.08087143545137804
Step: 52 0.061741009506911776
Step: 53 0.06555337165996872
Step: 54 0.06175571680439896
Step: 55 0.0587984992682593
Step: 56 0.06032927061383703
Step: 57 0.05498689951278479
Step: 58 0.057222883050479734
Step: 59 0.05678565077424392
Step: 60 0.05521445460173052
Step: 61 0.0459910605413113
Step: 62 0.04678114009359438
Step: 63 0.049125849714629
Step: 64 0.04981621331302668
Step: 65 0.0509749140591107
Step: 66 0.049703818059513925
Step: 67 0.051820201840070225
Step: 68 0.055917840945420814
Step: 69 0.05575181787537454
Step: 70 0.05842022648687859
Step: 71 0.06189657405395683
Step: 72 0.06561311999602928
Step: 73 0.05445075277498296
Step: 74 0.051478778862589204
Step: 75 0.05527573175662593
Step: 76 0.0491928611870178
Step: 77 0.0515494781458025
Step: 78 0.05042049989680972
Step: 79 0.05304354036201447
Step: 80 0.04638234433973356
Step: 81 0.04878399035925716
Step: 82 0.04050810899106643
Step: 83 0.041738125949274944
Step: 84 0.03547911611323983
Step: 85 0.0358143694961566
Step: 86 0.036273859364206525
Step: 87 0.03269683121133337
Step: 88 0.03156551814726374
Step: 89 0.03164755396431615
Step: 90 0.0318678420494135
Step: 91 0.03141509619075134
Step: 92 0.03101528227123913
Step: 93 0.030896996896031027
Step: 94 0.03108338167445637
Step: 95 0.030655134246473283
Step: 96 0.031013730682519596
Step: 97 0.030553375667218375
Step: 98 0.02939849406571483
Step: 99 0.028951936309724192
Step: 100 0.02902283532858846
Step: 101 0.029299907896049648
Step: 102 0.029672018952601718
Step: 103 0.02928792579296156
Step: 104 0.028525833514074245
Step: 105 0.02827535311211245
Step: 106 0.027910415910490354
Step: 107 0.028733993400815783
Step: 108 0.02543322633335481
Step: 109 0.02546567204526705
Step: 110 0.025634528016086438
Step: 111 0.024926438975601883
Step: 112 0.025580729220417053
Step: 113 0.025409599211790177
Step: 114 0.02418951810631954
Step: 115 0.024189238155488523
Step: 116 0.02361161386182405
Step: 117 0.02370246161764097
Step: 118 0.0229352717627095
Step: 119 0.022905323948946944
Step: 120 0.022945251294969275
Step: 121 0.021601684741035927
Step: 122 0.02126482123427889
Step: 123 0.021101616205443412
Step: 124 0.0209438526255408
Step: 125 0.01971818527410873
Step: 126 0.0197083714324322
Step: 127 0.019163400589116027
Step: 128 0.019969182786389258
Step: 129 0.018538519598041422
Step: 130 0.018038216550298396
Step: 131 0.017963060696073088
Step: 132 0.017810893008380783
Step: 133 0.0183638316218981
Step: 134 0.01771186611017937
Step: 135 0.01724491554448875
Step: 136 0.01772229551869542
Step: 137 0.017189893094388498
Step: 138 0.015501794476757952
Step: 139 0.015419046641488078
Step: 140 0.015597835710255319
Step: 141 0.016353320055789527
Step: 142 0.017181984882651127
Step: 143 0.01324587764684941
Step: 144 0.01164409466856506
Step: 145 0.011583798554144454
Step: 146 0.011186953987398461
Step: 147 0.011106831914005489
Step: 148 0.01057389122485578
Step: 149 0.010498348185881884
Step: 150 0.010446374424066708
Step: 151 0.010434714752643992
Step: 152 0.01059136034325924
Step: 153 0.009178208417139304
Step: 154 0.008770829538256135
Step: 155 0.008769836286199687
Step: 156 0.008748107611633428
Step: 157 0.008703697723371727
Step: 158 0.00882247075592478
Step: 159 0.009223169887959033
Step: 160 0.008068110086485327
Step: 161 0.008098343120195644
Step: 162 0.007950427688536705
Step: 163 0.008306731780596098
Step: 164 0.008885234876236324
Step: 165 0.00935536309233625
Step: 166 0.010206693394829418
Step: 167 0.007298472736587975
Step: 168 0.006327148227700942
Step: 169 0.005797455433003559
Step: 170 0.0056434386395268704
Step: 171 0.005834974605924349
Step: 172 0.0061199128150688535
Step: 173 0.006712036416414965
Step: 174 0.005395292588029433
Step: 175 0.004049401285566496
Step: 176 0.003952627265544589
Step: 177 0.003908558648303116
Step: 178 0.0038882046739496926
Step: 179 0.003848142496927147
Step: 180 0.0034506766637281638
Step: 181 0.003446834020315618
Step: 182 0.003184353393234121
Step: 183 0.0032625268616360784
Step: 184 0.0024826182344513943
Step: 185 0.0029195388052334716
Step: 186 0.0026348728151250507
Step: 187 0.0023021196503483095
Step: 188 0.0027629063005547134
Step: 189 0.002790011976943061
Step: 190 0.0019451029520219229
Step: 191 0.0022288798951643992
Step: 192 0.0022106785701794416
Step: 193 0.0021467772241013667
Step: 194 0.001775664253763955
Step: 195 0.0017239844655333638
Step: 196 0.0016328510123952724
Step: 197 0.001670099447307365
Step: 198 0.0015833777165265926
Step: 199 0.0014968558724142676
Step: 200 0.0014901934626252477
Step: 201 0.0016004769944394151
Step: 202 0.0013512303786552072
Step: 203 0.0013488902882571978
Step: 204 0.0011889264517606008
Step: 205 0.00115311046946027
Step: 206 0.0012075177481129888
Step: 207 0.0009043591764954646
Step: 208 0.0008703111957819154
Step: 209 0.0009271520352145893
Step: 210 0.000802250836374027
Step: 211 0.0008184653993353091
Step: 212 0.0006279355571997468
Step: 213 0.0007186623518937388
Step: 214 0.0007281739792958025
Step: 215 0.0006880718857901212
Step: 216 0.0006024884831524213
Step: 217 0.0006396438325138063
Step: 218 0.0007003546482178426
Step: 219 0.0005588312337057891
Step: 220 0.0005835538757030226
Step: 221 0.000518505376768399
Step: 222 0.0004570550342490734
Step: 223 0.000455546364667909
Step: 224 0.0004913280629930617
Step: 225 0.00044139735585809907
Step: 226 0.0005040992716246929
Step: 227 0.0005201977537945228
Step: 228 0.00042634999372457406
Step: 229 0.00038475326731411767
Step: 230 0.00041380202601480745
Step: 231 0.0003605103251002845
Step: 232 0.0003330543420607032
Step: 233 0.0003336279293992158
Step: 234 0.00037580248891109147
Step: 235 0.0003091499987255324
Step: 236 0.0002910222799796172
Step: 237 0.00029501627228681364
Step: 238 0.00031800793786723584
Step: 239 0.00027726313181382676
Step: 240 0.0002707852852620111
Step: 241 0.0002509596423012135
Step: 242 0.000259870265835525
Step: 243 0.000248127129695485
Step: 244 0.00022489111113107243
Step: 245 0.00022263810383630465
Step: 246 0.00022852669571598195
Step: 247 0.00023624943738167388
Step: 248 0.00022513656088910718
Step: 249 0.0002547001922791293
Step: 250 0.00022588467037567412
Step: 251 0.0002033447644890224
Step: 252 0.0001881689872963887
Step: 253 0.0001878690945364782
Step: 254 0.0001916579755615193
Step: 255 0.0001884803437546354
Step: 256 0.00018738857159117153
Step: 257 0.00018021080553187196
Step: 258 0.00018524427745513782
Step: 259 0.00019449899664072078
Step: 260 0.00018483229872307558
Step: 261 0.00021661843570576174
Step: 262 0.00023663912021359371
Step: 263 0.00022306204232407477
Step: 264 0.00018290436531272038
Step: 265 0.00018073899292380628
Step: 266 0.00017825556387352694
Step: 267 0.0001596489282447811
Step: 268 0.0001799914643733723
Step: 269 0.00020889743845614738
Step: 270 0.00020464815512438793
Step: 271 0.0001785882332344754
Step: 272 0.00019125383142693796
Step: 273 0.00020693747192814923
Step: 274 0.00015868318384993038
Step: 275 0.0001584797508188007
Step: 276 0.00017475166410080973
Step: 277 0.00019483318167353691
Step: 278 0.00019562191199415323
Step: 279 0.00021004731872201803
Step: 280 0.00021896489877808515
Step: 281 0.00018912540231550153
Step: 282 0.00016555927235829067
Step: 283 0.00015641487336499904
Step: 284 0.00015488330005402414
Step: 285 0.00015978926362736408
Step: 286 0.00015756492478009412
Step: 287 0.00015296455793270756
Step: 288 0.00014972922818928176
Step: 289 0.00014715552579587645
Step: 290 0.0001457206257165738
Step: 291 0.00014445296237594423
Step: 292 0.00014422549200715778
Step: 293 0.00016926322409237075
Step: 294 0.00017916421112667994
Step: 295 0.00016009230547956523
Step: 296 0.0001803541938919016
Step: 297 0.00017259897891513595
Step: 298 0.00017724283964816904
Step: 299 0.00020049425325062943
Step: 300 0.00019082562330621054
Step: 301 0.00016404306345371562
Step: 302 0.00014065196482474578
Step: 303 0.00016125886803672784
Step: 304 0.0001721830657708134
Step: 305 0.00015689285095901555
Step: 306 0.00016102432231960258
Step: 307 0.00018714615707555258
Step: 308 0.00015812114360817594
Step: 309 0.00014920745713790996
Step: 310 0.00014744342416131808
Step: 311 0.00013949711441115994
Step: 312 0.00013379246076017696
Step: 313 0.0001335210306942031
Step: 314 0.00015694873928688208
Step: 315 0.0001822125765188028
Step: 316 0.00019238211706714583
Step: 317 0.0001997400796229604
Step: 318 0.00018807761763312835
Step: 319 0.00021050189022033295
Step: 320 0.0001739742467311173
Step: 321 0.00016377590803612343
Step: 322 0.00015068473273375005
Step: 323 0.00014037407430967316
Step: 324 0.00013976206733293904
Step: 325 0.00014299651594061542
Step: 326 0.0001726830746466945
Step: 327 0.00017316045235080073
Step: 328 0.00015158418144300872
Step: 329 0.0001412093528539533
Step: 330 0.0001427398201824332
Step: 331 0.00013320116214630395
Step: 332 0.00013511771139262618
Step: 333 0.00014086838053004088
Step: 334 0.00017217991157035325
Step: 335 0.00014439216053480794
Step: 336 0.0001385259198841957
Step: 337 0.0001360808757424832
Step: 338 0.00015771303654858615
Step: 339 0.000137193441042555
Step: 340 0.0001470987883100664
Step: 341 0.00015447991183564864
Step: 342 0.00015222463705341519
Step: 343 0.0001433061534586432
Step: 344 0.00013922619059581094
Step: 345 0.00015869702672763572
Step: 346 0.00016373278324829127
Step: 347 0.00016317819519594907
Step: 348 0.00015033833873012421
Step: 349 0.00014349520390779082
Step: 350 0.00013896912838123836
Step: 351 0.00013464719799208933
Step: 352 0.0001344392021308067
Step: 353 0.00013427988146981186
Step: 354 0.00015168164642256316
Step: 355 0.00014742865020449467
Step: 356 0.00014699856081184558
Step: 357 0.00013951471212246818
Step: 358 0.0001400791639840231
Step: 359 0.0001308889043920024
Step: 360 0.00015498001049996606
Step: 361 0.00016864301707858413
Step: 362 0.00018929117918988465
Step: 363 0.0001664364812039707
Step: 364 0.00015212529496081865
Step: 365 0.00015294242756402795
Step: 366 0.0001326556167654311
Step: 367 0.000130850895735823
Step: 368 0.00015126951592149126
Step: 369 0.0001707064715026332
Step: 370 0.00015881369576254228
Step: 371 0.0001799750898867055
Step: 372 0.0001705209785198198
Step: 373 0.00014288249819573918
Step: 374 0.00013845073556391016
Step: 375 0.0001385849724479524
Step: 376 0.00013959714235569932
Step: 377 0.00014017436387622114
Step: 378 0.00013809212527589565
Step: 379 0.00014411879178312996
Step: 380 0.0001713346628551516
Step: 381 0.00015868895238723576
Step: 382 0.0001500462204817655
Step: 383 0.00014119100330213028
Step: 384 0.00013516288240606852
Step: 385 0.00016419014549946421
Step: 386 0.00017720837198594505
Step: 387 0.00014315513795975512
Step: 388 0.00014208081829100025
Step: 389 0.00013620191072452535
Step: 390 0.00015965611633442266
Step: 391 0.00014011557674509714/home/monicaconte/nica/phd/Projects/Efficient_ML_Memristor_Network/codes/linear_regression.py:84: UserWarning: No artists with labels found to put in legend.  Note that artists whose label start with an underscore are ignored when legend() is called with no argument.
  ax.legend()

Error step 0 0.8639400085748157
Error step 195 0.0014576142351964876
Error step 391 8.119508216976342e-05
Step: 0 2.0849412250913586
Step: 1 2.0669732903625913
Step: 2 2.0476246001462886
Step: 3 2.0188573562817713
Step: 4 1.9897177510916932
Step: 5 1.9762386449558467
Step: 6 1.951262652927329
Step: 7 1.913405502784423
Step: 8 1.8907280604322365
Step: 9 1.8542853292408719
Step: 10 1.8151394992347418
Step: 11 1.8007283775424587
Step: 12 1.7657230478778028
Step: 13 1.7468078265287412
Step: 14 1.726892501988446
Step: 15 1.7019385558913402
Step: 16 1.6666978653482836
Step: 17 1.6510522822262967
Step: 18 1.627215040884164
Step: 19 1.6142847078267624
Step: 20 1.5785691891677478
Step: 21 1.5440290054648118
Step: 22 1.528085878965025
Step: 23 1.493276327591243
Step: 24 1.4763882619035458
Step: 25 1.4625585411142261
Step: 26 1.4510491382961437
Step: 27 1.4298209727688196
Step: 28 1.411476429160637
Step: 29 1.3922459616818144
Step: 30 1.3717875399921617
Step: 31 1.3566095679061805
Step: 32 1.320311848458288
Step: 33 1.3058394441643382
Step: 34 1.2801115731654769
Step: 35 1.258222024169623
Step: 36 1.2368706197089534
Step: 37 1.2216532980696095
Step: 38 1.195951275207689
Step: 39 1.1792237318631973
Step: 40 1.1560822868199838
Step: 41 1.1325233136243946
Step: 42 1.1008548678323076
Step: 43 1.0841419156148766
Step: 44 1.0646842488341737
Step: 45 1.0275420694404591
Step: 46 0.9907966512476306
Step: 47 0.9380702691642037
Step: 48 0.8959215840489613
Step: 49 0.8733062771238482
Step: 50 0.8222080692174093
Step: 51 0.7938451829388106
Step: 52 0.7422124252153246
Step: 53 0.7180706859520521
Step: 54 0.693822944721158
Step: 55 0.6745184671633542
Step: 56 0.6566923377059011
Step: 57 0.6421860200993165
Step: 58 0.6301674711196368
Step: 59 0.6148840910646483
Step: 60 0.6017933347613517
Step: 61 0.5889456581744907
Step: 62 0.5735282124717463
Step: 63 0.5574462486201971
Step: 64 0.5401205617860995
Step: 65 0.5278976599579036
Step: 66 0.5109804302020526
Step: 67 0.4979021603733638
Step: 68 0.4878024282215217
Step: 69 0.47200956872132327
Step: 70 0.4659489954947171
Step: 71 0.44527676673080513
Step: 72 0.4197784239356955
Step: 73 0.41158199883469876
Step: 74 0.40273224141044195
Step: 75 0.38477836164540896
Step: 76 0.37431557276518074
Step: 77 0.35104737485473114
Step: 78 0.33186781092983425
Step: 79 0.3264744343320957
Step: 80 0.31380764311671455
Step: 81 0.2988189315168857
Step: 82 0.29527967384624076
Step: 83 0.2835248818163775
Step: 84 0.2797448969060914
Step: 85 0.2625578231696915
Step: 86 0.24941347680384005
Step: 87 0.2393085691670049
Step: 88 0.23716272578176292
Step: 89 0.21821198498029393
Step: 90 0.20467947668855024
Step: 91 0.1840081086050532
Step: 92 0.1791176174800834
Step: 93 0.17692361832154932
Step: 94 0.1683401664946366
Step: 95 0.1624987744520705
Step: 96 0.1581772900791583
Step: 97 0.14325248443830976
Step: 98 0.14362500955018767
Step: 99 0.1294444369884227
Step: 100 0.12517792790024482
Step: 101 0.1296777790321326
Step: 102 0.1316409849885631
Step: 103 0.13437764517398293
Step: 104 0.1312104214083933
Step: 105 0.1345014370485256
Step: 106 0.12342768781922586
Step: 107 0.11810757375234086
Step: 108 0.1218042217671273
Step: 109 0.1264054641733047
Step: 110 0.11576305209884824
Step: 111 0.11686725922086412
Step: 112 0.11222886593207528
Step: 113 0.1102859343672371
Step: 114 0.1032188007714863
Step: 115 0.09936767738357453
Step: 116 0.0963485997011599
Step: 117 0.09583220061254027
Step: 118 0.09584758678205074
Step: 119 0.09522794777270666
Step: 120 0.09509541481727139
Step: 121 0.09318115949517357
Step: 122 0.09245140940517932
Step: 123 0.09122128051563376
Step: 124 0.0912126813270248
Step: 125 0.09142190564928114
Step: 126 0.09200231690083471
Step: 127 0.09271054670036794
Step: 128 0.09306925949827975
Step: 129 0.09143889908564372
Step: 130 0.08854594978235543
Step: 131 0.08811018014221879
Step: 132 0.08886815182977455
Step: 133 0.08542540749151338
Step: 134 0.08456655561103377
Step: 135 0.08412494017844103
Step: 136 0.08412446144543649
Step: 137 0.08344164765648504
Step: 138 0.08414770897001007
Step: 139 0.08546420581616072
Step: 140 0.08589095403744253
Step: 141 0.08392093508729741
Step: 142 0.08324650859950954
Step: 143 0.08545278535669809
Step: 144 0.08401067520750709
Step: 145 0.08671030381729272
Step: 146 0.08922161774988939
Step: 147 0.088129685670421
Step: 148 0.08372514391392362
Step: 149 0.07939115921915675
Step: 150 0.07643856724598323
Step: 151 0.07761790666800117
Step: 152 0.07402396491950576
Step: 153 0.07349441818908181
Step: 154 0.07133564882028406
Step: 155 0.06974006178430198
Step: 156 0.06923744929212587
Step: 157 0.06937873756511194
Step: 158 0.0696957515000166
Step: 159 0.06878025127687705
Step: 160 0.06870591955687728
Step: 161 0.0665910070115994
Step: 162 0.06615538837965167
Step: 163 0.06597546078702021
Step: 164 0.06605841897256347
Step: 165 0.06706250135709989
Step: 166 0.06804625633340801
Step: 167 0.06054776958513478
Step: 168 0.05864624566748741
Step: 169 0.05939241089583442
Step: 170 0.06168899789179407
Step: 171 0.061871459124879145
Step: 172 0.06340510415957096
Step: 173 0.0627552990975268
Step: 174 0.05351865581555958
Step: 175 0.05449536728122679
Step: 176 0.0474760397274944
Step: 177 0.045550296303507654
Step: 178 0.044372101354485195
Step: 179 0.0444292063751156
Step: 180 0.045464091596805645
Step: 181 0.04225415249593959
Step: 182 0.04227825560121685
Step: 183 0.042856239772598725
Step: 184 0.04338564256758836
Step: 185 0.043916032408930994
Step: 186 0.03580786879437701
Step: 187 0.03653973736495754
Step: 188 0.03809653575365896
Step: 189 0.030214606829227553
Step: 190 0.030215589016647528
Step: 191 0.031162784768243024
Step: 192 0.02907147826219313
Step: 193 0.027750422515587292
Step: 194 0.028293365412740787
Step: 195 0.02905482815786206
Step: 196 0.02835662020624939
Step: 197 0.028600530660960632
Step: 198 0.028477349616669468
Step: 199 0.027338956333711268
Step: 200 0.027484848686315056
Step: 201 0.022243517432655884
Step: 202 0.022247672775978306
Step: 203 0.022268259567704257
Step: 204 0.02227226680435074
Step: 205 0.021341225464655153
Step: 206 0.021164477049607458
Step: 207 0.020759369135855448
Step: 208 0.02255980827001144
Step: 209 0.02465388507915375
Step: 210 0.027340725446007626
Step: 211 0.020184958772300973
Step: 212 0.020223643003841045
Step: 213 0.020122926639258198
Step: 214 0.019848946820640798
Step: 215 0.019385696544096286
Step: 216 0.01826115581121513
Step: 217 0.01895795899493538
Step: 218 0.018882272924250754
Step: 219 0.018895645948606935
Step: 220 0.01889594375432456
Step: 221 0.018898606437146664
Step: 222 0.018907609470560572
Step: 223 0.019086175512452962
Step: 224 0.018961372509668777
Step: 225 0.017236751429093748
Step: 226 0.01828517506361539
Step: 227 0.016086316010331756
Step: 228 0.017698331435435196
Step: 229 0.01372103757026357
Step: 230 0.013309723713388339
Step: 231 0.012790222175699561
Step: 232 0.01544998383888895
Step: 233 0.014086683165553004
Step: 234 0.013306202318308926
Step: 235 0.014587733926000457
Step: 236 0.016057497698401063
Step: 237 0.016398681805765872
Step: 238 0.015326890616443005
Step: 239 0.014978376835312272
Step: 240 0.01504138042505715
Step: 241 0.015112187749907727
Step: 242 0.015204047667230566
Step: 243 0.013541801158004714
Step: 244 0.013606438690833805
Step: 245 0.016655981141342226
Step: 246 0.015502340118395777
Step: 247 0.015258356535419149
Step: 248 0.015227041900871999
Step: 249 0.01563912734516786
Step: 250 0.015281546745363079
Step: 251 0.01639205132755088
Step: 252 0.01724765948472384
Step: 253 0.01584744305056177
Step: 254 0.012086513064662935
Step: 255 0.012325549875329854
Step: 256 0.013506806961712579
Step: 257 0.014509734253436856
Step: 258 0.015968372610759427
Step: 259 0.017286854502662864
Step: 260 0.015410279745624618
Step: 261 0.016765929025003054
Step: 262 0.013671770778850428
Step: 263 0.014928262251531819
Step: 264 0.01595646601534789
Step: 265 0.014009391255610385
Step: 266 0.015144232751886347
Step: 267 0.015238874104046613
Step: 268 0.015441143487003152
Step: 269 0.015401450958565677
Step: 270 0.015349385521047794
Step: 271 0.01528199741605455
Step: 272 0.014976809493613857
Step: 273 0.014972870611428683
Step: 274 0.015655005623714472/home/monicaconte/nica/phd/Projects/Efficient_ML_Memristor_Network/codes/linear_regression.py:84: UserWarning: No artists with labels found to put in legend.  Note that artists whose label start with an underscore are ignored when legend() is called with no argument.
  ax.legend()

Step: 275 0.015851431095330385
Step: 276 0.015125635489999895
Step: 277 0.016076296608805454
Step: 278 0.017143593678958204
Step: 279 0.01348621195453068
Step: 280 0.014179643104137975
Step: 281 0.012266756166219554
Step: 282 0.012328567685689512
Step: 283 0.012080839816448313
Step: 284 0.013411642565843951
Step: 285 0.01130512928387443
Step: 286 0.01165204672154202
Step: 287 0.016245132095914314
Step: 288 0.014121970766482528
Step: 289 0.014134425647890927
Step: 290 0.01359623134529285
Step: 291 0.01629952576302435
Step: 292 0.016286102903281523
Step: 293 0.017036574047479273
Step: 294 0.01836384296686659
Step: 295 0.018580278410917292
Step: 296 0.014151805436822476
Step: 297 0.013559304563654609
Step: 298 0.013619197466155253
Step: 299 0.013702980948227006
Step: 300 0.014491116332829864
Step: 301 0.016253790600474646
Step: 302 0.01740729531230908
Step: 303 0.013921649703283481
Step: 304 0.013325007257386603
Step: 305 0.013041828995012
Step: 306 0.012855006468103886
Step: 307 0.012646947616064214
Step: 308 0.012988044748034624
Step: 309 0.013874392833613969
Step: 310 0.014947593303077142
Step: 311 0.014101322546491732
Step: 312 0.015437712994461205
Step: 313 0.014825402075362511
Step: 314 0.014781592883634715
Step: 315 0.014859510747053882
Step: 316 0.014894951468955364
Step: 317 0.015427268629074046
Step: 318 0.01545463749496466
Step: 319 0.01614410110467464
Step: 320 0.016147937101552486
Step: 321 0.01679202184684708
Step: 322 0.016611164238385125
Step: 323 0.017004593208098457
Step: 324 0.01515616031523345
Step: 325 0.015278249140390719
Step: 326 0.016502419744617382
Step: 327 0.017498033831898598
Step: 328 0.01750153868444803
Step: 329 0.017238242284470115
Step: 330 0.01596949835089881
Step: 331 0.01592956242883203
Step: 332 0.016167976348198606
Step: 333 0.01552664681359088
Step: 334 0.015545728634264538
Step: 335 0.01482199408163024
Step: 336 0.014844123463362316
Step: 337 0.014774239962370839
Step: 338 0.014608721210649553
Step: 339 0.015197447714951254
Step: 340 0.014751760937840098
Step: 341 0.014789048253971699
Step: 342 0.015506164961070682
Step: 343 0.016401583886633684
Step: 344 0.01507332187593815
Step: 345 0.014568336798250314
Step: 346 0.014710561232269366
Step: 347 0.01483150993203127
Step: 348 0.014925124410884087
Step: 349 0.014856012470938726
Step: 350 0.014541709116929672
Step: 351 0.014830125854750678
Step: 352 0.015403998375310665
Step: 353 0.0159521422679836
Step: 354 0.016108117195931766
Step: 355 0.016491677720173625
Step: 356 0.016746807768686017
Step: 357 0.016596045029802275
Step: 358 0.015600185964620912
Step: 359 0.015574965059104265
Step: 360 0.016072032862877148
Step: 361 0.015767927640010726
Step: 362 0.016112733411345056
Step: 363 0.016567285281645954
Step: 364 0.01636562158306551
Step: 365 0.0167227912162168
Step: 366 0.015120479463469292
Step: 367 0.014117508326521167
Step: 368 0.014913302702573489
Step: 369 0.014993785589186952
Step: 370 0.014790293470469637
Step: 371 0.014751624597201285
Step: 372 0.014806027735472503
Step: 373 0.016510092560921032
Step: 374 0.017635409646686626
Step: 375 0.016680146239219356
Step: 376 0.01718929143488219
Step: 377 0.017255827863561824
Step: 378 0.017041704296570297
Step: 379 0.01776868427582338
Step: 380 0.01739615358105567
Step: 381 0.018020412804556744
Step: 382 0.018147017910245613
Step: 383 0.019582607112545117
Step: 384 0.018334421133294643
Step: 385 0.018117448040329043
Step: 386 0.018770214104054068
Step: 387 0.01837985176029037
Step: 388 0.018647778226848804
Step: 389 0.017739031696188554
Step: 390 0.017828585117458717
Step: 391 0.01874990921901357
Error step 0 2.0631415406710034
Error step 195 0.021100687368517952
Error step 391 0.012908090290656826
Traceback (most recent call last):
  File "/home/monicaconte/nica/phd/Projects/Efficient_ML_Memristor_Network/codes/linear_regression.py", line 69, in <module>
    training.train(G, training_type=training_type, training_steps=training_steps, weight_type=weight_type_vec[weight_type_index], delta_weight = delta_weight_vec[weight_type_index], learning_rate=learning_rate_vec[weight_type_index], save_final_graph=True, write_weights=True, constant_source=constant_source[weight_type_index])
    ~~~~~~~~~~~~~~^^^^^^^^^^^^^^^^^^^^^^^^^^^^^^^^^^^^^^^^^^^^^^^^^^^^^^^^^^^^^^^^^^^^^^^^^^^^^^^^^^^^^^^^^^^^^^^^^^^^^^^^^^^^^^^^^^^^^^^^^^^^^^^^^^^^^^^^^^^^^^^^^^^^^^^^^^^^^^^^^^^^^^^^^^^^^^^^^^^^^^^^^^^^^^^^^^^^^^^^^^^^^^^^^^^^^^^^^^^^^^^^^^^^^^^^^^^^^^^^^^^^^^^^^^^^^^^^^^^^^^^^^^^^^^^^^^^^^^^^^^^^^^^^^^^^^^^^^^^^^^^^^^^^^^
  File "/home/monicaconte/nica/phd/Projects/Efficient_ML_Memristor_Network/codes/training.py", line 567, in train
    best_choice_file = open(f"{DATA_PATH}weights/best_choice/choosen_weights.txt", "w")
FileNotFoundError: [Errno 2] No such file or directory: '../data/regressionG00010002/weights/best_choice/choosen_weights.txt'
<sys>:0: ResourceWarning: unclosed file <_io.TextIOWrapper name='../data/regressionG00010002/mse/mse_best_choice.txt' mode='w' encoding='UTF-8'>
Step: 0 2.0849412250913586
1
Step: 1 0.533300284029986
1
Step: 2 0.4692219656708931
1
Step: 3 0.37347585937878586
1
Step: 4 0.21175775844186295
1
Step: 5 0.18864938199205994
1
Step: 6 0.1273220378776638
1
Step: 7 0.07967759598812953
1
Step: 8 0.06201324977215589
1
Step: 9 0.036388334592068194
1
Step: 10 0.019480767555952207
1
Step: 11 0.011741669277939057
1
Step: 12 0.007313188063292775
1
Step: 13 0.00531999534547357
1
Step: 14 0.0038132505997984633
1
Step: 15 0.0031901215092411572
1
Step: 16 0.0028076774953625715
2
Step: 17 0.002807833184649212
1
Step: 18 0.002649641179738663
1
Step: 19 0.002567374367710482
2
Step: 20 0.002534252410146307
2
Step: 21 0.0025071382327835788
2
Step: 22 0.002484164413131713
1
Step: 23 0.0024786344880609193
2
Step: 24 0.00245090980471042
2
Step: 25 0.0024299725302943777
2
Step: 26 0.0024270575687056688
2
Step: 27 0.0024206768494717235
1
Step: 28 0.0023942044463389606
1
Step: 29 0.002392688061473134
2
Step: 30 0.002405703579470968
2
Step: 31 0.0023993205876917238
2
Step: 32 0.002392677672465511
2
Step: 33 0.0023617149166911323
2
Step: 34 0.00234306240834012
1
Step: 35 0.002338622908825047
2
Step: 36 0.0023166150588148577
1
Step: 37 0.0023113579118479717
2
Step: 38 0.0022888567124639075
2
Step: 39 0.002292376585795416
2
Step: 40 0.0023153152914096127
1
Step: 41 0.0022640588181342867
1
Step: 42 0.002244919981272034
2
Step: 43 0.0022333837302183006
1
Step: 44 0.00223448030037476
2
Step: 45 0.0022079866807362554
2
Step: 46 0.002200722568874199
2
Step: 47 0.0022209272101880746
1
Step: 48 0.002174145858469425
2
Step: 49 0.002164023707982404
1
Step: 50 0.002167427052158462
1
Step: 51 0.002126125519497589
2
Step: 52 0.0021404005265973206
2
Step: 53 0.0021469447075344685
2
Step: 54 0.0021203269086931186
2
Step: 55 0.0020959810181922964
2
Step: 56 0.002073334260550183
2
Step: 57 0.0020564868770850376
2
Step: 58 0.0020643764969161056
2
Step: 59 0.002053429060805416
2
Step: 60 0.00204314370920303
2
Step: 61 0.002024829701097647
1
Step: 62 0.0020217366832782275
2
Step: 63 0.0020040684420534883
1
Step: 64 0.0019877878032927673
2
Step: 65 0.001968793765644627
2
Step: 66 0.0019633751974331456
2
Step: 67 0.0019592553376432636
1
Step: 68 0.0019579060665881284
2
Step: 69 0.0019458948906261962
2
Step: 70 0.0019311517423721428
2
Step: 71 0.001935771593378457
2
Step: 72 0.0019296868937152803
2
Step: 73 0.0019151189042768562
2
Step: 74 0.0019023085218474246
2
Step: 75 0.0018959155703642428
2
Step: 76 0.0018884251420927837
2
Step: 77 0.001882493583472033
1
Step: 78 0.0018064201926232956
2
Step: 79 0.001791107767997656
1
Step: 80 0.0017554301188192978
2
Step: 81 0.0017512622694752355
2
Step: 82 0.0017318699623721917
2
Step: 83 0.001714048756845962
2
Step: 84 0.0017075699443896899
2
Step: 85 0.0017014336233062255
2
Step: 86 0.0016903731310589116
2
Step: 87 0.001687880518178141
1
Step: 88 0.0016562168165770892
2
Step: 89 0.0016549392771451263
2
Step: 90 0.0016328978471388306
2
Step: 91 0.001616617452122325
2
Step: 92 0.0016028902276379582
2
Step: 93 0.0015909194279466775
2
Step: 94 0.0015880252890782419
2
Step: 95 0.0015873009365695862
2
Step: 96 0.001580599650101427
2
Step: 97 0.0015649311445180135
2
Step: 98 0.0015563432755928053
2
Step: 99 0.0015449215196230218
2
Step: 100 0.0015345819953835667
2
Step: 101 0.0015235736538568103
1
Step: 102 0.0015166808320028497
1
Step: 103 0.0014612448006818286
2
Step: 104 0.001453856072379309
1
Step: 105 0.0014339444596956307
2
Step: 106 0.001440818365170322
2
Step: 107 0.0014259529447163913
2
Step: 108 0.0014148079265282308
2
Step: 109 0.001414668789846956
2
Step: 110 0.0014196864992330087
2
Step: 111 0.0014138302110044479
1
Step: 112 0.0013999914259638618
2
Step: 113 0.0014056075423683056
2
Step: 114 0.001389205884975829
2
Step: 115 0.001386504728965998
2
Step: 116 0.0013804138675800577
2
Step: 117 0.0013704710787926413
1
Step: 118 0.001359472364681225
1
Step: 119 0.0013355238817532673
1
Step: 120 0.001327326775386259
2
Step: 121 0.0013165762788852125
1
Step: 122 0.0013161148361678359
2
Step: 123 0.0012982995624186684
2
Step: 124 0.0012823364169136746
2
Step: 125 0.0012719627605135167
2
Step: 126 0.0012596989597780841
2
Step: 127 0.001246132172462381
2
Step: 128 0.0012422018755735113
2
Step: 129 0.0012483562378123132
2
Step: 130 0.0012533906903523008
2
Step: 131 0.0012396455277055949
2
Step: 132 0.0012275852566376677
2
Step: 133 0.0012252554255420376
2
Step: 134 0.0012216487453930332
2
Step: 135 0.0012209079767129393
2
Step: 136 0.001210165741562775
2
Step: 137 0.0012083911883679882
2
Step: 138 0.0011986227925264705
2
Step: 139 0.0011901822646646154
1
Step: 140 0.0011556597424330149
2
Step: 141 0.0011597119587928395
2
Step: 142 0.0011501634942651582
2
Step: 143 0.0011399627294967844
1
Step: 144 0.0011393209345484773
2
Step: 145 0.001126301446230643
1
Step: 146 0.0011269050090513936
2
Step: 147 0.0011384527027541896
1
Step: 148 0.001115969742086399
2
Step: 149 0.001109047357600136
2
Step: 150 0.0010984430245500655
2
Step: 151 0.0011033958295342515
2
Step: 152 0.0010979052722834696
2
Step: 153 0.0011022544750306778
2
Step: 154 0.001091198533066757
2
Step: 155 0.0010812486030037823
2
Step: 156 0.00107734605207146
1
Step: 157 0.0010603778936653498
2
Step: 158 0.0010502691499894156
2
Step: 159 0.0010372526646107742
1
Step: 160 0.0010365769274595508
2
Step: 161 0.001024135833107514
2
Step: 162 0.0010310454406588308
2
Step: 163 0.0010380864008933748
2
Step: 164 0.0010353037644602432
2
Step: 165 0.0010385537826839459
2
Step: 166 0.0010284557832493481
2
Step: 167 0.0010382172715143875
2
Step: 168 0.0010328249607940753
2
Step: 169 0.0010301369608251417
2
Step: 170 0.0010166489069917196
2
Step: 171 0.0010139333412542224
2
Step: 172 0.0010025854106572847
2
Step: 173 0.0009970283395177683
2
Step: 174 0.0009955872029830091
2
Step: 175 0.0009858403470132872
2
Step: 176 0.0009752458965972301
1
Step: 177 0.0009743391879350269
2
Step: 178 0.0009696524684011722
1
Step: 179 0.0009630861178284432
1
Step: 180 0.0009629415241019569
2
Step: 181 0.0009557982554337374
2
Step: 182 0.0009487838078342266
2
Step: 183 0.0009551056155046567
2
Step: 184 0.0009424092262285483
2
Step: 185 0.0009391866692513946
2
Step: 186 0.0009278323906781583
2
Step: 187 0.0009321256697879158
2
Step: 188 0.0009289228785873683
2
Step: 189 0.0009353174283491758
2
Step: 190 0.0009237355207242854
2
Step: 191 0.0009131548469553671
2
Step: 192 0.0009180098936150334
2
Step: 193 0.0009115619292084116
2
Step: 194 0.0009053587621893214
1
Step: 195 0.0009068207323246106
2
Step: 196 0.0008953080234342094
2
Step: 197 0.0008907862497753591
1
Step: 198 0.0008734229694931126
2
Step: 199 0.0008733180171854828
2
Step: 200 0.0008672281323155069
2
Step: 201 0.0008671433009943818
2
Step: 202 0.0008707744630704234
2
Step: 203 0.0008744892743239961
2
Step: 204 0.0008706760754993471
2
Step: 205 0.0008641189930391387
2
Step: 206 0.0008594687077232107
2
Step: 207 0.0008572033723999953
1
Step: 208 0.0008530855144685337
2
Step: 209 0.000847872273844454
2
Step: 210 0.0008517237831777135
1
Step: 211 0.0008487168765351918
2
Step: 212 0.0008430418685045196
2
Step: 213 0.000840892622931036
2
Step: 214 0.0008317763397285505
2
Step: 215 0.0008233373048651959
2
Step: 216 0.0008161451859726258
2
Step: 217 0.0008092545136949447
2
Step: 218 0.0008066621758310832
2
Step: 219 0.0008006619551335009
2
Step: 220 0.0007976813793208805
1
Step: 221 0.0007943353308254118
1
Step: 222 0.0007749583649668975
2
Step: 223 0.0007763137560645794
2
Step: 224 0.0007662664543170789
2
Step: 225 0.0007568204293403794
2
Step: 226 0.0007486544785725104
2
Step: 227 0.0007459727776438187
2
Step: 228 0.0007484937662175058
2
Step: 229 0.0007445988517772711
2
Step: 230 0.0007367070733755154
2
Step: 231 0.000732855891180966
2
Step: 232 0.0007300446157159614
2
Step: 233 0.0007326937835308982
2
Step: 234 0.0007262942747405729
2
Step: 235 0.0007229251319372003
2
Step: 236 0.0007190741771307742
1
Step: 237 0.0007175407855042277
1
Step: 238 0.0007091734617337902
1
Step: 239 0.0006987636204604516
2
Step: 240 0.0006920559085862946
1
Step: 241 0.000688946135897455
2
Step: 242 0.0006867598817492455
2
Step: 243 0.0006800458588483087
2
Step: 244 0.0006826981442715008
1
Step: 245 0.0006804493737572536
2
Step: 246 0.0006791222606903779
2
Step: 247 0.0006844182875119228
2
Step: 248 0.0006886469679911554
2
Step: 249 0.0006811535408830574
2
Step: 250 0.0006792009796346225
2
Step: 251 0.0006760935713598136
2
Step: 252 0.000669218786055996
2
Step: 253 0.0006637889967307711
2
Step: 254 0.0006592169560081226
1
Step: 255 0.0006520166048969478
2
Step: 256 0.0006543980658777248
2
Step: 257 0.000647298802834717
2
Step: 258 0.0006442492723894054
2
Step: 259 0.0006447539413946731
2
Step: 260 0.0006478795755436385
2
Step: 261 0.0006418593371902149
2
Step: 262 0.0006458930643570823
2
Step: 263 0.0006372174226449765
2
Step: 264 0.0006323662899613228
1
Step: 265 0.0006322858249603263
2
Step: 266 0.0006285961795748395
2
Step: 267 0.0006212013905054089
2
Step: 268 0.0006265838100181815
2
Step: 269 0.0006301190855868026
2
Step: 270 0.0006359083426824229
2
Step: 271 0.000630872354047514
2
Step: 272 0.0006232031598394698
2
Step: 273 0.0006159175098412719
1
Step: 274 0.000615614357656689
2
Step: 275 0.0006213997333573458
2
Step: 276 0.000625797878392037
2
Step: 277 0.0006235130753296563
2
Step: 278 0.000621344618369671
2
Step: 279 0.0006143997778972719
2
Step: 280 0.0006118107371523185
2
Step: 281 0.0006041902771633511
2
Step: 282 0.0006013344925718539
2
Step: 283 0.0005950360885979046
2
Step: 284 0.0005887080167765511
1
Step: 285 0.0005861137643459448
2
Step: 286 0.0005904927024310935
2
Step: 287 0.0005893491684303831
2
Step: 288 0.0005833992780856159
2
Step: 289 0.0005789598459306341
1
Step: 290 0.0005804365226629494
2
Step: 291 0.0005713267649719426
2
Step: 292 0.0005763764316611148
2
Step: 293 0.0005712758183830546
2
Step: 294 0.0005646108472373395
2
Step: 295 0.0005628638864889921
2
Step: 296 0.0005616195160393826
2
Step: 297 0.0005640535204692167
2
Step: 298 0.0005653833484484612
1
Step: 299 0.0005569381889757106
2
Step: 300 0.000556522075156351
2
Step: 301 0.0005512454049346917
2
Step: 302 0.0005459204621167051
2
Step: 303 0.0005451281956542492
2
Step: 304 0.0005406085954912853
2
Step: 305 0.0005368816548049122
2
Step: 306 0.0005360861750642401
2
Step: 307 0.0005335898541530542
2
Step: 308 0.0005350473551925561
2
Step: 309 0.0005310320822446831
2
Step: 310 0.0005284919554217668
2
Step: 311 0.0005253652961403874
2
Step: 312 0.0005264447425815836
1
Step: 313 0.0005187883401662199
2
Step: 314 0.0005249491673131037
1
Step: 315 0.0005170982858601652
2
Step: 316 0.0005123615754121083
2
Step: 317 0.0005112087141827873
2
Step: 318 0.0005147228596046965
2
Step: 319 0.0005084366273560517
2
Step: 320 0.0005031546760255611
2
Step: 321 0.0004998221984647758
1
Step: 322 0.0004981381259219669
2
Step: 323 0.0004977698631669305
2
Step: 324 0.0005021591664692438
2
Step: 325 0.0005075373101500672
2
Step: 326 0.0005003786130811172
2
Step: 327 0.0004933316782508172
2
Step: 328 0.0004941986058481743
2
Step: 329 0.0004960345807794407
1
Step: 330 0.0004898197850648941
1
Step: 331 0.0004883090965085591
2
Step: 332 0.0004882712120545481
2
Step: 333 0.00048414477666679744
1
Step: 334 0.00048381347465677074
2
Step: 335 0.00047757956861120755
2
Step: 336 0.000473402301226604
2
Step: 337 0.0004724034932862744
2
Step: 338 0.00047434953883804254
2
Step: 339 0.0004781058108563204
2
Step: 340 0.0004813541627367401
2
Step: 341 0.00047525937021625843
2
Step: 342 0.00047476489305627294
2
Step: 343 0.00047115242629041255
2
Step: 344 0.0004719682383022569
2
Step: 345 0.0004762531412420153
2
Step: 346 0.00047215334353039283
2
Step: 347 0.00047137938837087226
2
Step: 348 0.00046840429931585244
2
Step: 349 0.0004649852849724367
2
Step: 350 0.00046473913366709604
2
Step: 351 0.0004663723607014609
2
Step: 352 0.0004702906895486645
2
Step: 353 0.00046530138847704084
2
Step: 354 0.000464355867589274
2
Step: 355 0.0004593998044200573
2
Step: 356 0.00045436605410332614
2
Step: 357 0.00045787978464606667
2
Step: 358 0.00045770348262098485
2
Step: 359 0.00045916277303479903
2
Step: 360 0.000458494077044066
2
Step: 361 0.0004608060275844944
2
Step: 362 0.00046270314414772746
2
Step: 363 0.00046633939530407975
2
Step: 364 0.0004601604374809346
2
Step: 365 0.0004590561052602923
2
Step: 366 0.0004612622649291763
2
Step: 367 0.0004595894800515479
2
Step: 368 0.00045504777942620645
2
Step: 369 0.000450878077547728
2
Step: 370 0.00044592129863853534
2
Step: 371 0.0004414903716941601
2
Step: 372 0.00044134296910574157
2
Step: 373 0.00044012645395650465
1
Step: 374 0.00043854817619021024
2
Step: 375 0.0004323815094087612
1
Step: 376 0.00042674651754685274
2
Step: 377 0.00042793015841071947
2
Step: 378 0.00043130638877588514
2
Step: 379 0.00043397854661430656
2
Step: 380 0.0004323103085233972
2
Step: 381 0.0004333164396781635
2
Step: 382 0.00042973824699487983
2
Step: 383 0.00042470404471758524
2
Step: 384 0.00042202920175570327
2
Step: 385 0.0004183546767947943
2
Step: 386 0.00041807923292863674
2
Step: 387 0.00041750032789454134
2
Step: 388 0.00041887477644711305
2
Step: 389 0.00041541354248314754
2
Step: 390 0.0004153576333805152
2
Step: 391 0.00041808197828029585
2
Step: 392 0.0004206084630978266
2
Step: 393 0.000419954979154064
2
Step: 394 0.00041869770017257285
2
Step: 395 0.00041441836903696
2
Step: 396 0.0004107638969998439
2
Step: 397 0.0004125653780918429
2
Step: 398 0.00040925483091870966
2
Step: 399 0.0004059068342228723
2
Step: 400 0.0004027667307686704
Error step 0 2.0631415406710034
Error step 195 2.0631415406710034
Error step 391 2.0631415406710034
Traceback (most recent call last):
  File "/home/monicaconte/nica/phd/Projects/Efficient_ML_Memristor_Network/codes/linear_regression.py", line 95, in <module>
    plotting.plot_regression(ax[0], graph_id, weight_type_vec[weight_type_index], step=0)
    ~~~~~~~~~~~~~~~~~~~~~~~~^^^^^^^^^^^^^^^^^^^^^^^^^^^^^^^^^^^^^^^^^^^^^^^^^^^^^^^^^^^^^
  File "/home/monicaconte/nica/phd/Projects/Efficient_ML_Memristor_Network/codes/plotting.py", line 279, in plot_regression
    style_des = par.regression_styles[f'{weight_type}_des']
                ~~~~~~~~~~~~~~~~~~~~~^^^^^^^^^^^^^^^^^^^^^^
KeyError: 'best_choice_des'
